https://galaxy.ansible.com/api/v1/namespaces/: Start
https://galaxy.ansible.com/api/v1/namespaces/?page_size=500: Loading
https://galaxy.ansible.com/api/v1/namespaces/: Done
https://galaxy.ansible.com/api/v1/namespaces/: Start
https://galaxy.ansible.com/api/v1/namespaces/: Loading
https://galaxy.ansible.com/api/v1/namespaces/: Done
https://galaxy.ansible.com/api/v1/roles/: Start
https://galaxy.ansible.com/api/v1/roles/: Start
https://galaxy.ansible.com/api/v1/roles/: Start
https://galaxy.ansible.com/api/v1/roles/: Start
https://galaxy.ansible.com/api/v1/roles/: Start
https://galaxy.ansible.com/api/v1/roles/: Start
https://galaxy.ansible.com/api/v1/roles/: Start
https://galaxy.ansible.com/api/v1/roles/: Start
https://galaxy.ansible.com/api/v1/roles/: Start
https://galaxy.ansible.com/api/v1/roles/: Start
https://galaxy.ansible.com/api/v1/roles/: Start
https://galaxy.ansible.com/api/v1/roles/: Start
https://galaxy.ansible.com/api/v1/roles/: Start
https://galaxy.ansible.com/api/v1/roles/: Start
